<?xml version="1.0" encoding="UTF-8"?>
<!-- Generated by org.testng.reporters.JUnitReportReporter -->
<testsuite skipped="0" hostname="Test-NewPC" name="testScenarios.Login" tests="1" failures="0" timestamp="01 Aug 2022 06:37:20 GMT" time="10.364" errors="0">
  <testcase name="loginSuccess" time="10.364" classname="testScenarios.Login"/>
</testsuite> <!-- testScenarios.Login -->
