<?xml version="1.0" encoding="UTF-8"?>
<!-- Generated by org.testng.reporters.JUnitReportReporter -->
<testsuite skipped="0" hostname="Test-NewPC" name="testScenarios.mappingRegression" tests="2" failures="0" timestamp="07 Oct 2022 08:22:38 GMT" time="403.696" errors="0">
  <testcase name="sftpImport" time="3.254" classname="testScenarios.mappingRegression"/>
  <testcase name="comparingImportedValues" time="400.442" classname="testScenarios.mappingRegression"/>
</testsuite> <!-- testScenarios.mappingRegression -->
