<?xml version="1.0" encoding="UTF-8"?>
<!-- Generated by org.testng.reporters.JUnitReportReporter -->
<testsuite skipped="0" hostname="LAPTOP-32VKAIFG" name="testScenarios.SharepointLogin" tests="1" failures="0" timestamp="29 Aug 2022 12:28:21 GMT" time="44.864" errors="0">
  <testcase name="Login" time="44.864" classname="testScenarios.SharepointLogin"/>
</testsuite> <!-- testScenarios.SharepointLogin -->
