<?xml version="1.0" encoding="UTF-8"?>
<!-- Generated by org.testng.reporters.JUnitReportReporter -->
<testsuite skipped="0" hostname="Test-NewPC" name="testScenarios.jsonReading" tests="1" failures="0" timestamp="30 Jul 2022 09:22:21 GMT" time="30.288" errors="0">
  <testcase name="jsonComparison" time="30.288" classname="testScenarios.jsonReading"/>
</testsuite> <!-- testScenarios.jsonReading -->
