<?xml version="1.0" encoding="UTF-8"?>
<!-- Generated by org.testng.reporters.JUnitReportReporter -->
<testsuite skipped="0" hostname="LAPTOP-32VKAIFG" name="testScenarios.MappingsExport" tests="1" failures="0" timestamp="20 Aug 2022 06:14:44 GMT" time="486.959" errors="0">
  <testcase name="mappingExport" time="486.959" classname="testScenarios.MappingsExport"/>
</testsuite> <!-- testScenarios.MappingsExport -->
