<?xml version="1.0" encoding="UTF-8"?>
<!-- Generated by org.testng.reporters.JUnitReportReporter -->
<testsuite skipped="0" hostname="Test-NewPC" name="testScenarios.verifyImportValues" tests="2" failures="0" timestamp="11 Aug 2022 12:13:13 GMT" time="252.350" errors="0">
  <testcase name="sftpImport" time="3.562" classname="testScenarios.verifyImportValues"/>
  <testcase name="comparingImportedValues" time="248.788" classname="testScenarios.verifyImportValues"/>
</testsuite> <!-- testScenarios.verifyImportValues -->
