<?xml version="1.0" encoding="UTF-8"?>
<!-- Generated by org.testng.reporters.JUnitReportReporter -->
<testsuite skipped="0" hostname="Test-NewPC" name="testScenarios.mappingRegression" tests="2" failures="0" timestamp="12 Aug 2022 04:26:40 GMT" time="248.975" errors="0">
  <testcase name="sftpImport" time="3.889" classname="testScenarios.mappingRegression"/>
  <testcase name="comparingImportedValues" time="245.086" classname="testScenarios.mappingRegression"/>
</testsuite> <!-- testScenarios.mappingRegression -->
